[12:50:36, 11.07.2023] File "config.xml" not found but was created automatically
java.io.FileNotFoundException: src\main\resources\config.xml (Не удается найти указанный файл)
	at java.base/java.io.FileInputStream.open0(Native Method)
	at java.base/java.io.FileInputStream.open(FileInputStream.java:213)
	at java.base/java.io.FileInputStream.<init>(FileInputStream.java:152)
	at com.fasterxml.jackson.core.TokenStreamFactory._fileInputStream(TokenStreamFactory.java:278)
	at com.fasterxml.jackson.core.JsonFactory.createParser(JsonFactory.java:1089)
	at com.fasterxml.jackson.databind.ObjectMapper.readValue(ObjectMapper.java:3637)
	at org.coursesjava.services.ConfigService.read(ConfigService.java:28)
	at org.coursesjava.services.ApplicationMenuService.<init>(ApplicationMenuService.java:15)
	at org.coursesjava.Application.run(Application.java:9)
	at org.coursesjava.Main.main(Main.java:5)
[12:50:39, 11.07.2023] Socket error!
java.lang.NullPointerException: Cannot invoke "org.coursesjava.model.ServerConfiguration.getPort()" because "this.cfg" is null
	at org.coursesjava.services.ApplicationMenuService.start(ApplicationMenuService.java:20)
	at org.coursesjava.Application.run(Application.java:18)
	at org.coursesjava.Main.main(Main.java:5)
[12:51:27, 11.07.2023] Socket error!
java.net.SocketException: Connection reset
	at java.base/sun.nio.ch.NioSocketImpl.implRead(NioSocketImpl.java:318)
	at java.base/sun.nio.ch.NioSocketImpl.read(NioSocketImpl.java:346)
	at java.base/sun.nio.ch.NioSocketImpl$1.read(NioSocketImpl.java:796)
	at java.base/java.net.Socket$SocketInputStream.read(Socket.java:1099)
	at java.base/sun.nio.cs.StreamDecoder.readBytes(StreamDecoder.java:329)
	at java.base/sun.nio.cs.StreamDecoder.implRead(StreamDecoder.java:372)
	at java.base/sun.nio.cs.StreamDecoder.lockedRead(StreamDecoder.java:215)
	at java.base/sun.nio.cs.StreamDecoder.read(StreamDecoder.java:169)
	at java.base/java.io.InputStreamReader.read(InputStreamReader.java:188)
	at java.base/java.io.BufferedReader.fill(BufferedReader.java:160)
	at java.base/java.io.BufferedReader.implReadLine(BufferedReader.java:370)
	at java.base/java.io.BufferedReader.readLine(BufferedReader.java:347)
	at java.base/java.io.BufferedReader.readLine(BufferedReader.java:436)
	at org.coursesjava.services.ApplicationMenuService.start(ApplicationMenuService.java:34)
	at org.coursesjava.Application.run(Application.java:18)
	at org.coursesjava.Main.main(Main.java:5)
